<?xml version="1.0" encoding="UTF-8"?>
<testsuite name="com.lax.sme_manager.service.MetricsServiceTest" tests="1" skipped="0" failures="0" errors="0" timestamp="2026-01-18T14:51:24.254Z" hostname="C14208" time="0.036">
  <properties/>
  <testcase name="testGetDashboardMetrics" classname="com.lax.sme_manager.service.MetricsServiceTest" time="0.036"/>
  <system-out><![CDATA[20:21:24.288 [Test worker] DEBUG com.lax.sme_manager.service.MetricsService -- Calculating metrics for Today: 2026-01-18, Week: 2026-01-12 to 2026-01-18, Month: 2026-01-01 to 2026-01-31
]]></system-out>
  <system-err><![CDATA[]]></system-err>
</testsuite>
